4189c0                                    
3d00f0ffff                              
771f                                       
488b442418                              
64482b042528000000                  
7523                                       
4489c0                                    
4883c458                                 
c3                                          
c745d800000000                        
8345d801                                 
488b45e0                                 
8b4018                                    
ba00000000                              
be01240000                              
89c7                                       
b800000000                              
e816d3ffff                              
f30f1efa                                 
f2ff252d590000                        
f30f1efa                                 
4883ec58                                 
4889542430                              
64488b042528000000                  
4889442418                              
31c0                                       
488d442460                              
c7042410000000                        
4889442408                              
488d442420                              
4889442410                              
b810000000                              
0f05                                       
